[0.010s] Invoking command in '/home/chetan-satpute/lane_following/build/orbbec_camera': AMENT_PREFIX_PATH=/home/chetan-satpute/lane_following/install/orbbec_camera_msgs:${AMENT_PREFIX_PATH} CMAKE_PREFIX_PATH=/home/chetan-satpute/lane_following/install/orbbec_camera_msgs:/opt/ros/humble LD_LIBRARY_PATH=/home/chetan-satpute/lane_following/install/orbbec_camera_msgs/lib:${LD_LIBRARY_PATH} PYTHONPATH=/home/chetan-satpute/lane_following/install/orbbec_camera_msgs/local/lib/python3.10/dist-packages:${PYTHONPATH} /usr/bin/cmake /home/chetan-satpute/lane_following/src/OrbbecSDK_ROS2/orbbec_camera -DCMAKE_INSTALL_PREFIX=/home/chetan-satpute/lane_following/install/orbbec_camera
[0.080s] -- The C compiler identification is GNU 11.4.0
[0.130s] -- The CXX compiler identification is GNU 11.4.0
[0.135s] -- Detecting C compiler ABI info
[0.222s] -- Detecting C compiler ABI info - done
[0.229s] -- Check for working C compiler: /usr/bin/cc - skipped
[0.229s] -- Detecting C compile features
[0.230s] -- Detecting C compile features - done
[0.232s] -- Detecting CXX compiler ABI info
[0.313s] -- Detecting CXX compiler ABI info - done
[0.318s] -- Check for working CXX compiler: /usr/bin/c++ - skipped
[0.318s] -- Detecting CXX compile features
[0.319s] -- Detecting CXX compile features - done
[0.321s] -- Found ament_cmake: 1.3.13 (/opt/ros/humble/share/ament_cmake/cmake)
[0.489s] -- Found Python3: /usr/bin/python3 (found version "3.10.12") found components: Interpreter 
[0.556s] -- Found ament_index_cpp: 1.4.1 (/opt/ros/humble/share/ament_index_cpp/cmake)
[0.563s] -- Found builtin_interfaces: 1.2.2 (/opt/ros/humble/share/builtin_interfaces/cmake)
[0.589s] -- Found rosidl_generator_c: 3.1.8 (/opt/ros/humble/share/rosidl_generator_c/cmake)
[0.592s] -- Found rosidl_adapter: 3.1.8 (/opt/ros/humble/share/rosidl_adapter/cmake)
[0.599s] -- Found rosidl_generator_cpp: 3.1.8 (/opt/ros/humble/share/rosidl_generator_cpp/cmake)
[0.607s] -- Using all available rosidl_typesupport_c: rosidl_typesupport_fastrtps_c;rosidl_typesupport_introspection_c
[0.618s] -- Using all available rosidl_typesupport_cpp: rosidl_typesupport_fastrtps_cpp;rosidl_typesupport_introspection_cpp
[0.630s] -- Found cv_bridge: 3.2.1 (/opt/ros/humble/share/cv_bridge/cmake)
[0.673s] -- Found camera_info_manager: 3.1.12 (/opt/ros/humble/share/camera_info_manager/cmake)
[0.709s] -- Found rmw_implementation_cmake: 6.1.2 (/opt/ros/humble/share/rmw_implementation_cmake/cmake)
[0.712s] -- Found rmw_fastrtps_cpp: 6.2.10 (/opt/ros/humble/share/rmw_fastrtps_cpp/cmake)
[0.795s] -- Found OpenSSL: /usr/lib/x86_64-linux-gnu/libcrypto.so (found version "3.0.2")  
[0.836s] -- Found FastRTPS: /opt/ros/humble/include  
[0.871s] -- Using RMW implementation 'rmw_fastrtps_cpp' as default
[0.891s] -- Looking for pthread.h
[0.979s] -- Looking for pthread.h - found
[0.980s] -- Performing Test CMAKE_HAVE_LIBC_PTHREAD
[1.071s] -- Performing Test CMAKE_HAVE_LIBC_PTHREAD - Success
[1.072s] -- Found Threads: TRUE  
[1.127s] -- Found image_transport: 3.1.12 (/opt/ros/humble/share/image_transport/cmake)
[1.157s] -- Found image_publisher: 3.0.9 (/opt/ros/humble/share/image_publisher/cmake)
[1.178s] -- Found OpenCV: /usr (found version "4.5.4") 
[1.178s] -- Found orbbec_camera_msgs: 1.5.15 (/home/chetan-satpute/lane_following/install/orbbec_camera_msgs/share/orbbec_camera_msgs/cmake)
[1.190s] -- Found std_srvs: 4.9.1 (/opt/ros/humble/share/std_srvs/cmake)
[1.200s] -- Found tf2: 0.25.19 (/opt/ros/humble/share/tf2/cmake)
[1.204s] -- Found tf2_eigen: 0.25.19 (/opt/ros/humble/share/tf2_eigen/cmake)
[1.262s] -- Found tf2_sensor_msgs: 0.25.19 (/opt/ros/humble/share/tf2_sensor_msgs/cmake)
[1.271s] -- Found diagnostic_updater: 4.0.6 (/opt/ros/humble/share/diagnostic_updater/cmake)
[1.297s] -- Found PkgConfig: /usr/bin/pkg-config (found version "0.29.2") 
[1.302s] -- ORRBEC Machine : x86_64
[1.302s] 
[1.303s] -- ORRBEC Machine Bits : 64
[1.303s] 
[1.371s] -- Found ament_lint_auto: 0.12.15 (/opt/ros/humble/share/ament_lint_auto/cmake)
[1.436s] -- Configuring done
[1.506s] -- Generating done
[1.524s] -- Build files have been written to: /home/chetan-satpute/lane_following/build/orbbec_camera
[1.532s] Invoked command in '/home/chetan-satpute/lane_following/build/orbbec_camera' returned '0': AMENT_PREFIX_PATH=/home/chetan-satpute/lane_following/install/orbbec_camera_msgs:${AMENT_PREFIX_PATH} CMAKE_PREFIX_PATH=/home/chetan-satpute/lane_following/install/orbbec_camera_msgs:/opt/ros/humble LD_LIBRARY_PATH=/home/chetan-satpute/lane_following/install/orbbec_camera_msgs/lib:${LD_LIBRARY_PATH} PYTHONPATH=/home/chetan-satpute/lane_following/install/orbbec_camera_msgs/local/lib/python3.10/dist-packages:${PYTHONPATH} /usr/bin/cmake /home/chetan-satpute/lane_following/src/OrbbecSDK_ROS2/orbbec_camera -DCMAKE_INSTALL_PREFIX=/home/chetan-satpute/lane_following/install/orbbec_camera
[1.533s] Invoking command in '/home/chetan-satpute/lane_following/build/orbbec_camera': AMENT_PREFIX_PATH=/home/chetan-satpute/lane_following/install/orbbec_camera_msgs:${AMENT_PREFIX_PATH} CMAKE_PREFIX_PATH=/home/chetan-satpute/lane_following/install/orbbec_camera_msgs:/opt/ros/humble LD_LIBRARY_PATH=/home/chetan-satpute/lane_following/install/orbbec_camera_msgs/lib:${LD_LIBRARY_PATH} PYTHONPATH=/home/chetan-satpute/lane_following/install/orbbec_camera_msgs/local/lib/python3.10/dist-packages:${PYTHONPATH} /usr/bin/cmake --build /home/chetan-satpute/lane_following/build/orbbec_camera -- -j16 -l16
[1.593s] [  4%] [32mBuilding CXX object CMakeFiles/orbbec_camera_node.dir/rclcpp_components/node_main_orbbec_camera_node.cpp.o[0m
[1.593s] [  8%] [32mBuilding CXX object CMakeFiles/orbbec_camera.dir/src/ob_camera_node_driver.cpp.o[0m
[1.593s] [ 12%] [32mBuilding CXX object CMakeFiles/orbbec_camera.dir/src/image_publisher.cpp.o[0m
[1.593s] [ 16%] [32mBuilding CXX object CMakeFiles/frame_latency_node.dir/rclcpp_components/node_main_frame_latency_node.cpp.o[0m
[1.594s] [ 20%] [32mBuilding CXX object CMakeFiles/orbbec_camera.dir/src/d2c_viewer.cpp.o[0m
[1.594s] [ 24%] [32mBuilding CXX object CMakeFiles/orbbec_camera.dir/src/dynamic_params.cpp.o[0m
[1.594s] [ 28%] [32mBuilding CXX object CMakeFiles/frame_latency.dir/tools/frame_latency.cpp.o[0m
[1.595s] [ 32%] [32mBuilding CXX object CMakeFiles/orbbec_camera.dir/src/jpeg_decoder.cpp.o[0m
[1.598s] [ 40%] [32mBuilding CXX object CMakeFiles/orbbec_camera.dir/src/ros_param_backend.cpp.o[0m
[1.598s] [ 40%] [32mBuilding CXX object CMakeFiles/orbbec_camera.dir/src/ob_camera_node.cpp.o[0m
[1.598s] [ 44%] [32mBuilding CXX object CMakeFiles/orbbec_camera.dir/src/ros_service.cpp.o[0m
[1.599s] [ 48%] [32mBuilding CXX object CMakeFiles/orbbec_camera.dir/src/synced_imu_publisher.cpp.o[0m
[1.599s] [ 52%] [32mBuilding CXX object CMakeFiles/orbbec_camera.dir/src/utils.cpp.o[0m
[5.202s] [ 56%] [32m[1mLinking CXX executable frame_latency_node[0m
[5.336s] [ 56%] Built target frame_latency_node
[6.373s] [ 60%] [32m[1mLinking CXX executable orbbec_camera_node[0m
[6.456s] [ 60%] Built target orbbec_camera_node
[23.978s] [ 64%] [32m[1mLinking CXX shared library liborbbec_camera.so[0m
[24.283s] [ 64%] Built target orbbec_camera
[24.298s] [ 68%] [32mBuilding CXX object CMakeFiles/list_camera_profile_mode_node.dir/tools/list_camera_profile.cpp.o[0m
[24.298s] [ 72%] [32mBuilding CXX object CMakeFiles/list_depth_work_mode_node.dir/tools/list_depth_work_mode.cpp.o[0m
[24.298s] [ 76%] [32mBuilding CXX object CMakeFiles/list_devices_node.dir/tools/list_devices_node.cpp.o[0m
[24.300s] [ 80%] [32mBuilding CXX object CMakeFiles/topic_statistics_node.dir/tools/topic_statistics.cpp.o[0m
[26.930s] [ 84%] [32m[1mLinking CXX shared library libframe_latency.so[0m
[27.234s] [ 84%] Built target frame_latency
[29.406s] [ 88%] [32m[1mLinking CXX executable list_depth_work_mode_node[0m
[29.546s] [ 88%] Built target list_depth_work_mode_node
[29.632s] [ 92%] [32m[1mLinking CXX executable list_devices_node[0m
[29.770s] [ 96%] [32m[1mLinking CXX executable list_camera_profile_mode_node[0m
[30.014s] [ 96%] Built target list_devices_node
[30.120s] [ 96%] Built target list_camera_profile_mode_node
[33.317s] [100%] [32m[1mLinking CXX executable topic_statistics_node[0m
[33.508s] [100%] Built target topic_statistics_node
[33.519s] Invoked command in '/home/chetan-satpute/lane_following/build/orbbec_camera' returned '0': AMENT_PREFIX_PATH=/home/chetan-satpute/lane_following/install/orbbec_camera_msgs:${AMENT_PREFIX_PATH} CMAKE_PREFIX_PATH=/home/chetan-satpute/lane_following/install/orbbec_camera_msgs:/opt/ros/humble LD_LIBRARY_PATH=/home/chetan-satpute/lane_following/install/orbbec_camera_msgs/lib:${LD_LIBRARY_PATH} PYTHONPATH=/home/chetan-satpute/lane_following/install/orbbec_camera_msgs/local/lib/python3.10/dist-packages:${PYTHONPATH} /usr/bin/cmake --build /home/chetan-satpute/lane_following/build/orbbec_camera -- -j16 -l16
[33.520s] Invoking command in '/home/chetan-satpute/lane_following/build/orbbec_camera': AMENT_PREFIX_PATH=/home/chetan-satpute/lane_following/install/orbbec_camera_msgs:${AMENT_PREFIX_PATH} CMAKE_PREFIX_PATH=/home/chetan-satpute/lane_following/install/orbbec_camera_msgs:/opt/ros/humble LD_LIBRARY_PATH=/home/chetan-satpute/lane_following/install/orbbec_camera_msgs/lib:${LD_LIBRARY_PATH} PYTHONPATH=/home/chetan-satpute/lane_following/install/orbbec_camera_msgs/local/lib/python3.10/dist-packages:${PYTHONPATH} /usr/bin/cmake --install /home/chetan-satpute/lane_following/build/orbbec_camera
[33.526s] -- Install configuration: "Release"
[33.526s] -- Installing: /home/chetan-satpute/lane_following/install/orbbec_camera/lib/orbbec_camera/orbbec_camera_node
[33.526s] -- Set runtime path of "/home/chetan-satpute/lane_following/install/orbbec_camera/lib/orbbec_camera/orbbec_camera_node" to ":/home/chetan-satpute/lane_following/src/OrbbecSDK_ROS2/orbbec_camera/SDK/lib/x64"
[33.526s] -- Installing: /home/chetan-satpute/lane_following/install/orbbec_camera/lib/orbbec_camera/frame_latency_node
[33.526s] -- Set runtime path of "/home/chetan-satpute/lane_following/install/orbbec_camera/lib/orbbec_camera/frame_latency_node" to ":/home/chetan-satpute/lane_following/src/OrbbecSDK_ROS2/orbbec_camera/SDK/lib/x64"
[33.526s] -- Installing: /home/chetan-satpute/lane_following/install/orbbec_camera/lib/liborbbec_camera.so
[33.529s] -- Set runtime path of "/home/chetan-satpute/lane_following/install/orbbec_camera/lib/liborbbec_camera.so" to ":/home/chetan-satpute/lane_following/src/OrbbecSDK_ROS2/orbbec_camera/SDK/lib/x64"
[33.529s] -- Installing: /home/chetan-satpute/lane_following/install/orbbec_camera/lib/libframe_latency.so
[33.532s] -- Set runtime path of "/home/chetan-satpute/lane_following/install/orbbec_camera/lib/libframe_latency.so" to ":/home/chetan-satpute/lane_following/src/OrbbecSDK_ROS2/orbbec_camera/SDK/lib/x64"
[33.532s] -- Installing: /home/chetan-satpute/lane_following/install/orbbec_camera/include
[33.532s] -- Installing: /home/chetan-satpute/lane_following/install/orbbec_camera/include/magic_enum
[33.532s] -- Installing: /home/chetan-satpute/lane_following/install/orbbec_camera/include/magic_enum/magic_enum.hpp
[33.532s] -- Installing: /home/chetan-satpute/lane_following/install/orbbec_camera/include/orbbec_camera
[33.532s] -- Installing: /home/chetan-satpute/lane_following/install/orbbec_camera/include/orbbec_camera/dynamic_params.h
[33.532s] -- Installing: /home/chetan-satpute/lane_following/install/orbbec_camera/include/orbbec_camera/utils.h
[33.532s] -- Installing: /home/chetan-satpute/lane_following/install/orbbec_camera/include/orbbec_camera/ros_param_backend.h
[33.532s] -- Installing: /home/chetan-satpute/lane_following/install/orbbec_camera/include/orbbec_camera/jetson_nv_decoder.h
[33.532s] -- Installing: /home/chetan-satpute/lane_following/install/orbbec_camera/include/orbbec_camera/jpeg_decoder.h
[33.532s] -- Installing: /home/chetan-satpute/lane_following/install/orbbec_camera/include/orbbec_camera/synced_imu_publisher.h
[33.533s] -- Installing: /home/chetan-satpute/lane_following/install/orbbec_camera/include/orbbec_camera/constants.h
[33.533s] -- Installing: /home/chetan-satpute/lane_following/install/orbbec_camera/include/orbbec_camera/rk_mpp_decoder.h
[33.533s] -- Installing: /home/chetan-satpute/lane_following/install/orbbec_camera/include/orbbec_camera/ob_camera_node_driver.h
[33.533s] -- Installing: /home/chetan-satpute/lane_following/install/orbbec_camera/include/orbbec_camera/d2c_viewer.h
[33.533s] -- Installing: /home/chetan-satpute/lane_following/install/orbbec_camera/include/orbbec_camera/ob_camera_node.h
[33.533s] -- Installing: /home/chetan-satpute/lane_following/install/orbbec_camera/include/orbbec_camera/image_publisher.h
[33.533s] -- Installing: /home/chetan-satpute/lane_following/install/orbbec_camera/share/orbbec_camera//launch
[33.533s] -- Installing: /home/chetan-satpute/lane_following/install/orbbec_camera/share/orbbec_camera//launch/gemini_ew.launch.py
[33.533s] -- Installing: /home/chetan-satpute/lane_following/install/orbbec_camera/share/orbbec_camera//launch/gemini_ew_lite.launch.py
[33.533s] -- Installing: /home/chetan-satpute/lane_following/install/orbbec_camera/share/orbbec_camera//launch/dabai_dw.launch.py
[33.533s] -- Installing: /home/chetan-satpute/lane_following/install/orbbec_camera/share/orbbec_camera//launch/gemini_intra_process_demo_launch.py
[33.533s] -- Installing: /home/chetan-satpute/lane_following/install/orbbec_camera/share/orbbec_camera//launch/multi_net_camera.launch.py
[33.533s] -- Installing: /home/chetan-satpute/lane_following/install/orbbec_camera/share/orbbec_camera//launch/dabai_dcw.launch.py
[33.533s] -- Installing: /home/chetan-satpute/lane_following/install/orbbec_camera/share/orbbec_camera//launch/dabai_max_pro.launch.py
[33.533s] -- Installing: /home/chetan-satpute/lane_following/install/orbbec_camera/share/orbbec_camera//launch/astra_embedded_s.launch.py
[33.533s] -- Installing: /home/chetan-satpute/lane_following/install/orbbec_camera/share/orbbec_camera//launch/gemini_uw.launch.py
[33.534s] -- Installing: /home/chetan-satpute/lane_following/install/orbbec_camera/share/orbbec_camera//launch/astra_pro_plus.launch.py
[33.534s] -- Installing: /home/chetan-satpute/lane_following/install/orbbec_camera/share/orbbec_camera//launch/astra_pro2.launch.py
[33.534s] -- Installing: /home/chetan-satpute/lane_following/install/orbbec_camera/share/orbbec_camera//launch/deeya.launch.py
[33.534s] -- Installing: /home/chetan-satpute/lane_following/install/orbbec_camera/share/orbbec_camera//launch/gemini_330_series.launch.py
[33.534s] -- Installing: /home/chetan-satpute/lane_following/install/orbbec_camera/share/orbbec_camera//launch/gemini_e_lite.launch.py
[33.534s] -- Installing: /home/chetan-satpute/lane_following/install/orbbec_camera/share/orbbec_camera//launch/multi_camera.launch.py
[33.534s] -- Installing: /home/chetan-satpute/lane_following/install/orbbec_camera/share/orbbec_camera//launch/astra_adv.launch.py
[33.534s] -- Installing: /home/chetan-satpute/lane_following/install/orbbec_camera/share/orbbec_camera//launch/femto_net_camera.launch.py
[33.534s] -- Installing: /home/chetan-satpute/lane_following/install/orbbec_camera/share/orbbec_camera//launch/astra.launch.py
[33.534s] -- Installing: /home/chetan-satpute/lane_following/install/orbbec_camera/share/orbbec_camera//launch/astra2.launch.py
[33.534s] -- Installing: /home/chetan-satpute/lane_following/install/orbbec_camera/share/orbbec_camera//launch/gemini2VL.launch.py
[33.534s] -- Installing: /home/chetan-satpute/lane_following/install/orbbec_camera/share/orbbec_camera//launch/gemini_e.launch.py
[33.534s] -- Installing: /home/chetan-satpute/lane_following/install/orbbec_camera/share/orbbec_camera//launch/dabai.launch.py
[33.534s] -- Installing: /home/chetan-satpute/lane_following/install/orbbec_camera/share/orbbec_camera//launch/femto_bolt.launch.py
[33.534s] -- Installing: /home/chetan-satpute/lane_following/install/orbbec_camera/share/orbbec_camera//launch/ob_camera.launch.py
[33.534s] -- Installing: /home/chetan-satpute/lane_following/install/orbbec_camera/share/orbbec_camera//launch/dabai_dcw2.launch.py
[33.534s] -- Installing: /home/chetan-satpute/lane_following/install/orbbec_camera/share/orbbec_camera//launch/gemini2XL.launch.py
[33.534s] -- Installing: /home/chetan-satpute/lane_following/install/orbbec_camera/share/orbbec_camera//launch/gemini2.launch.py
[33.535s] -- Installing: /home/chetan-satpute/lane_following/install/orbbec_camera/share/orbbec_camera//launch/dabai_pro.launch.py
[33.535s] -- Installing: /home/chetan-satpute/lane_following/install/orbbec_camera/share/orbbec_camera//launch/dabai_d1.launch.py
[33.535s] -- Installing: /home/chetan-satpute/lane_following/install/orbbec_camera/share/orbbec_camera//launch/dabai_dcl.py
[33.535s] -- Installing: /home/chetan-satpute/lane_following/install/orbbec_camera/share/orbbec_camera//launch/femto.launch.py
[33.535s] -- Installing: /home/chetan-satpute/lane_following/install/orbbec_camera/share/orbbec_camera//launch/gemini2L.launch.py
[33.535s] -- Installing: /home/chetan-satpute/lane_following/install/orbbec_camera/share/orbbec_camera//launch/multi_camera_synced.launch.py
[33.535s] -- Installing: /home/chetan-satpute/lane_following/install/orbbec_camera/share/orbbec_camera//launch/dabai_dw2.launch.py
[33.535s] -- Installing: /home/chetan-satpute/lane_following/install/orbbec_camera/share/orbbec_camera//launch/dabai_max.launch.py
[33.535s] -- Installing: /home/chetan-satpute/lane_following/install/orbbec_camera/share/orbbec_camera//launch/astra_stereo_u3.launch.py
[33.535s] -- Installing: /home/chetan-satpute/lane_following/install/orbbec_camera/share/orbbec_camera//launch/femto_mega.launch.py
[33.535s] -- Installing: /home/chetan-satpute/lane_following/install/orbbec_camera/share/orbbec_camera//config
[33.535s] -- Installing: /home/chetan-satpute/lane_following/install/orbbec_camera/share/orbbec_camera//config/camera_params.yaml
[33.535s] -- Installing: /home/chetan-satpute/lane_following/install/orbbec_camera/share/orbbec_camera//config/OrbbecSDKConfig_v1.0.xml
[33.535s] -- Installing: /home/chetan-satpute/lane_following/install/orbbec_camera/share/orbbec_camera//config/.gitkeep
[33.535s] -- Installing: /home/chetan-satpute/lane_following/install/orbbec_camera/share/orbbec_camera//config/depthfilter
[33.535s] -- Installing: /home/chetan-satpute/lane_following/install/orbbec_camera/share/orbbec_camera//config/depthfilter/Openni_device.json
[33.535s] -- Installing: /home/chetan-satpute/lane_following/install/orbbec_camera/share/orbbec_camera//config/depthfilter/Gemini2_v1.8.json
[33.536s] -- Up-to-date: /home/chetan-satpute/lane_following/install/orbbec_camera/include
[33.536s] -- Installing: /home/chetan-satpute/lane_following/install/orbbec_camera/include/libobsensor
[33.536s] -- Installing: /home/chetan-satpute/lane_following/install/orbbec_camera/include/libobsensor/ObSensor.hpp
[33.536s] -- Installing: /home/chetan-satpute/lane_following/install/orbbec_camera/include/libobsensor/h
[33.536s] -- Installing: /home/chetan-satpute/lane_following/install/orbbec_camera/include/libobsensor/h/ObTypes.h
[33.536s] -- Installing: /home/chetan-satpute/lane_following/install/orbbec_camera/include/libobsensor/h/Pipeline.h
[33.536s] -- Installing: /home/chetan-satpute/lane_following/install/orbbec_camera/include/libobsensor/h/MultipleDevices.h
[33.536s] -- Installing: /home/chetan-satpute/lane_following/install/orbbec_camera/include/libobsensor/h/Frame.h
[33.536s] -- Installing: /home/chetan-satpute/lane_following/install/orbbec_camera/include/libobsensor/h/Property.h
[33.536s] -- Installing: /home/chetan-satpute/lane_following/install/orbbec_camera/include/libobsensor/h/Utils.h
[33.536s] -- Installing: /home/chetan-satpute/lane_following/install/orbbec_camera/include/libobsensor/h/RecordPlayback.h
[33.536s] -- Installing: /home/chetan-satpute/lane_following/install/orbbec_camera/include/libobsensor/h/Filter.h
[33.536s] -- Installing: /home/chetan-satpute/lane_following/install/orbbec_camera/include/libobsensor/h/Device.h
[33.536s] -- Installing: /home/chetan-satpute/lane_following/install/orbbec_camera/include/libobsensor/h/StreamProfile.h
[33.536s] -- Installing: /home/chetan-satpute/lane_following/install/orbbec_camera/include/libobsensor/h/Error.h
[33.536s] -- Installing: /home/chetan-satpute/lane_following/install/orbbec_camera/include/libobsensor/h/Version.h
[33.536s] -- Installing: /home/chetan-satpute/lane_following/install/orbbec_camera/include/libobsensor/h/Sensor.h
[33.536s] -- Installing: /home/chetan-satpute/lane_following/install/orbbec_camera/include/libobsensor/h/Context.h
[33.536s] -- Installing: /home/chetan-satpute/lane_following/install/orbbec_camera/include/libobsensor/ObSensor.h
[33.536s] -- Installing: /home/chetan-satpute/lane_following/install/orbbec_camera/include/libobsensor/hpp
[33.536s] -- Installing: /home/chetan-satpute/lane_following/install/orbbec_camera/include/libobsensor/hpp/Version.hpp
[33.537s] -- Installing: /home/chetan-satpute/lane_following/install/orbbec_camera/include/libobsensor/hpp/Utils.hpp
[33.537s] -- Installing: /home/chetan-satpute/lane_following/install/orbbec_camera/include/libobsensor/hpp/Types.hpp
[33.537s] -- Installing: /home/chetan-satpute/lane_following/install/orbbec_camera/include/libobsensor/hpp/Error.hpp
[33.537s] -- Installing: /home/chetan-satpute/lane_following/install/orbbec_camera/include/libobsensor/hpp/Filter.hpp
[33.537s] -- Installing: /home/chetan-satpute/lane_following/install/orbbec_camera/include/libobsensor/hpp/Pipeline.hpp
[33.537s] -- Installing: /home/chetan-satpute/lane_following/install/orbbec_camera/include/libobsensor/hpp/Context.hpp
[33.537s] -- Installing: /home/chetan-satpute/lane_following/install/orbbec_camera/include/libobsensor/hpp/RecordPlayback.hpp
[33.537s] -- Installing: /home/chetan-satpute/lane_following/install/orbbec_camera/include/libobsensor/hpp/Sensor.hpp
[33.537s] -- Installing: /home/chetan-satpute/lane_following/install/orbbec_camera/include/libobsensor/hpp/StreamProfile.hpp
[33.537s] -- Installing: /home/chetan-satpute/lane_following/install/orbbec_camera/include/libobsensor/hpp/Frame.hpp
[33.537s] -- Installing: /home/chetan-satpute/lane_following/install/orbbec_camera/include/libobsensor/hpp/Device.hpp
[33.537s] -- Up-to-date: /home/chetan-satpute/lane_following/install/orbbec_camera/lib/
[33.537s] -- Installing: /home/chetan-satpute/lane_following/install/orbbec_camera/lib//libdepthengine.so
[33.537s] -- Installing: /home/chetan-satpute/lane_following/install/orbbec_camera/lib//libdepthengine.so.2.0
[33.538s] -- Installing: /home/chetan-satpute/lane_following/install/orbbec_camera/lib//libOrbbecSDK.so.1.10
[33.538s] -- Installing: /home/chetan-satpute/lane_following/install/orbbec_camera/lib//libOrbbecSDK.so.1.10.35
[33.544s] -- Installing: /home/chetan-satpute/lane_following/install/orbbec_camera/lib//libob_usb.so
[33.544s] -- Installing: /home/chetan-satpute/lane_following/install/orbbec_camera/lib//libOrbbecSDK.so
[33.544s] -- Installing: /home/chetan-satpute/lane_following/install/orbbec_camera/lib//liblive555.so
[33.545s] -- Installing: /home/chetan-satpute/lane_following/install/orbbec_camera/share/orbbec_camera/udev/99-obsensor-libusb.rules
[33.545s] -- Installing: /home/chetan-satpute/lane_following/install/orbbec_camera/lib/orbbec_camera/list_devices_node
[33.545s] -- Set runtime path of "/home/chetan-satpute/lane_following/install/orbbec_camera/lib/orbbec_camera/list_devices_node" to ":/home/chetan-satpute/lane_following/src/OrbbecSDK_ROS2/orbbec_camera/SDK/lib/x64"
[33.545s] -- Installing: /home/chetan-satpute/lane_following/install/orbbec_camera/lib/orbbec_camera/list_depth_work_mode_node
[33.545s] -- Set runtime path of "/home/chetan-satpute/lane_following/install/orbbec_camera/lib/orbbec_camera/list_depth_work_mode_node" to ":/home/chetan-satpute/lane_following/src/OrbbecSDK_ROS2/orbbec_camera/SDK/lib/x64"
[33.545s] -- Installing: /home/chetan-satpute/lane_following/install/orbbec_camera/lib/orbbec_camera/list_camera_profile_mode_node
[33.545s] -- Set runtime path of "/home/chetan-satpute/lane_following/install/orbbec_camera/lib/orbbec_camera/list_camera_profile_mode_node" to ":/home/chetan-satpute/lane_following/src/OrbbecSDK_ROS2/orbbec_camera/SDK/lib/x64"
[33.545s] -- Installing: /home/chetan-satpute/lane_following/install/orbbec_camera/lib/orbbec_camera/topic_statistics_node
[33.546s] -- Set runtime path of "/home/chetan-satpute/lane_following/install/orbbec_camera/lib/orbbec_camera/topic_statistics_node" to ":/home/chetan-satpute/lane_following/src/OrbbecSDK_ROS2/orbbec_camera/SDK/lib/x64"
[33.546s] -- Installing: /home/chetan-satpute/lane_following/install/orbbec_camera/share/orbbec_camera/environment/library_path.sh
[33.546s] -- Installing: /home/chetan-satpute/lane_following/install/orbbec_camera/share/orbbec_camera/environment/library_path.dsv
[33.546s] -- Installing: /home/chetan-satpute/lane_following/install/orbbec_camera/share/ament_index/resource_index/package_run_dependencies/orbbec_camera
[33.546s] -- Installing: /home/chetan-satpute/lane_following/install/orbbec_camera/share/ament_index/resource_index/parent_prefix_path/orbbec_camera
[33.546s] -- Installing: /home/chetan-satpute/lane_following/install/orbbec_camera/share/orbbec_camera/environment/ament_prefix_path.sh
[33.546s] -- Installing: /home/chetan-satpute/lane_following/install/orbbec_camera/share/orbbec_camera/environment/ament_prefix_path.dsv
[33.546s] -- Installing: /home/chetan-satpute/lane_following/install/orbbec_camera/share/orbbec_camera/environment/path.sh
[33.546s] -- Installing: /home/chetan-satpute/lane_following/install/orbbec_camera/share/orbbec_camera/environment/path.dsv
[33.546s] -- Installing: /home/chetan-satpute/lane_following/install/orbbec_camera/share/orbbec_camera/local_setup.bash
[33.546s] -- Installing: /home/chetan-satpute/lane_following/install/orbbec_camera/share/orbbec_camera/local_setup.sh
[33.546s] -- Installing: /home/chetan-satpute/lane_following/install/orbbec_camera/share/orbbec_camera/local_setup.zsh
[33.546s] -- Installing: /home/chetan-satpute/lane_following/install/orbbec_camera/share/orbbec_camera/local_setup.dsv
[33.546s] -- Installing: /home/chetan-satpute/lane_following/install/orbbec_camera/share/orbbec_camera/package.dsv
[33.546s] -- Installing: /home/chetan-satpute/lane_following/install/orbbec_camera/share/ament_index/resource_index/packages/orbbec_camera
[33.547s] -- Installing: /home/chetan-satpute/lane_following/install/orbbec_camera/share/ament_index/resource_index/rclcpp_components/orbbec_camera
[33.547s] -- Installing: /home/chetan-satpute/lane_following/install/orbbec_camera/share/orbbec_camera/cmake/ament_cmake_export_include_directories-extras.cmake
[33.547s] -- Installing: /home/chetan-satpute/lane_following/install/orbbec_camera/share/orbbec_camera/cmake/ament_cmake_export_libraries-extras.cmake
[33.547s] -- Installing: /home/chetan-satpute/lane_following/install/orbbec_camera/share/orbbec_camera/cmake/ament_cmake_export_dependencies-extras.cmake
[33.547s] -- Installing: /home/chetan-satpute/lane_following/install/orbbec_camera/share/orbbec_camera/cmake/orbbec_cameraConfig.cmake
[33.547s] -- Installing: /home/chetan-satpute/lane_following/install/orbbec_camera/share/orbbec_camera/cmake/orbbec_cameraConfig-version.cmake
[33.547s] -- Installing: /home/chetan-satpute/lane_following/install/orbbec_camera/share/orbbec_camera/package.xml
[33.549s] Invoked command in '/home/chetan-satpute/lane_following/build/orbbec_camera' returned '0': AMENT_PREFIX_PATH=/home/chetan-satpute/lane_following/install/orbbec_camera_msgs:${AMENT_PREFIX_PATH} CMAKE_PREFIX_PATH=/home/chetan-satpute/lane_following/install/orbbec_camera_msgs:/opt/ros/humble LD_LIBRARY_PATH=/home/chetan-satpute/lane_following/install/orbbec_camera_msgs/lib:${LD_LIBRARY_PATH} PYTHONPATH=/home/chetan-satpute/lane_following/install/orbbec_camera_msgs/local/lib/python3.10/dist-packages:${PYTHONPATH} /usr/bin/cmake --install /home/chetan-satpute/lane_following/build/orbbec_camera
